This is pdfTeX, Version 3.1415926-1.40.10 (TeX Live 2009/Debian) (format=pdflatex 2012.7.19)  27 JUL 2012 10:16
entering extended mode
 %&-line parsing enabled.
**bookNotes.tex
(./bookNotes.tex
LaTeX2e <2009/09/24>
Babel <v3.8l> and hyphenation patterns for english, usenglishmax, dumylang, noh
yphenation, farsi, arabic, croatian, bulgarian, ukrainian, russian, czech, slov
ak, danish, dutch, finnish, french, basque, ngerman, german, german-x-2009-06-1
9, ngerman-x-2009-06-19, ibycus, monogreek, greek, ancientgreek, hungarian, san
skrit, italian, latin, latvian, lithuanian, mongolian2a, mongolian, bokmal, nyn
orsk, romanian, irish, coptic, serbian, turkish, welsh, esperanto, uppersorbian
, estonian, indonesian, interlingua, icelandic, kurmanji, slovenian, polish, po
rtuguese, spanish, galician, catalan, swedish, ukenglish, pinyin, loaded.
(/usr/share/texmf-texlive/tex/latex/amscls/amsbook.cls
Document Class: amsbook 2009/07/02 v2.20.1
\linespacing=\dimen102
\normalparindent=\dimen103
\normaltopskip=\skip41
(/usr/share/texmf-texlive/tex/latex/amsmath/amsmath.sty
Package: amsmath 2000/07/18 v2.13 AMS math features
\@mathmargin=\skip42

For additional information on amsmath, use the `?' option.
(/usr/share/texmf-texlive/tex/latex/amsmath/amstext.sty
Package: amstext 2000/06/29 v2.01

(/usr/share/texmf-texlive/tex/latex/amsmath/amsgen.sty
File: amsgen.sty 1999/11/30 v2.0
\@emptytoks=\toks14
\ex@=\dimen104
))
(/usr/share/texmf-texlive/tex/latex/amsmath/amsbsy.sty
Package: amsbsy 1999/11/29 v1.2d
\pmbraise@=\dimen105
)
(/usr/share/texmf-texlive/tex/latex/amsmath/amsopn.sty
Package: amsopn 1999/12/14 v2.01 operator names
)
\inf@bad=\count79
LaTeX Info: Redefining \frac on input line 211.
\uproot@=\count80
\leftroot@=\count81
LaTeX Info: Redefining \overline on input line 307.
\classnum@=\count82
\DOTSCASE@=\count83
LaTeX Info: Redefining \ldots on input line 379.
LaTeX Info: Redefining \dots on input line 382.
LaTeX Info: Redefining \cdots on input line 467.
\Mathstrutbox@=\box26
\strutbox@=\box27
\big@size=\dimen106
LaTeX Font Info:    Redeclaring font encoding OML on input line 567.
LaTeX Font Info:    Redeclaring font encoding OMS on input line 568.
\macc@depth=\count84
\c@MaxMatrixCols=\count85
\dotsspace@=\muskip10
\c@parentequation=\count86
\dspbrk@lvl=\count87
\tag@help=\toks15
\row@=\count88
\column@=\count89
\maxfields@=\count90
\andhelp@=\toks16
\eqnshift@=\dimen107
\alignsep@=\dimen108
\tagshift@=\dimen109
\tagwidth@=\dimen110
\totwidth@=\dimen111
\lineht@=\dimen112
\@envbody=\toks17
\multlinegap=\skip43
\multlinetaggap=\skip44
\mathdisplay@stack=\toks18
LaTeX Info: Redefining \[ on input line 2666.
LaTeX Info: Redefining \] on input line 2667.
)
LaTeX Font Info:    Try loading font information for U+msa on input line 367.

(/usr/share/texmf-texlive/tex/latex/amsfonts/umsa.fd
File: umsa.fd 2009/06/22 v3.00 AMS symbols A
)
(/usr/share/texmf-texlive/tex/latex/amsfonts/amsfonts.sty
Package: amsfonts 2009/06/22 v3.00 Basic AMSFonts support
\symAMSa=\mathgroup4
\symAMSb=\mathgroup5
LaTeX Font Info:    Overwriting math alphabet `\mathfrak' in version `bold'
(Font)                  U/euf/m/n --> U/euf/b/n on input line 96.
)
\copyins=\insert233
\abstractbox=\box28
\listisep=\skip45
\c@part=\count91
\c@chapter=\count92
\c@section=\count93
\c@subsection=\count94
\c@subsubsection=\count95
\c@paragraph=\count96
\c@subparagraph=\count97
\c@figure=\count98
\c@table=\count99
\abovecaptionskip=\skip46
\belowcaptionskip=\skip47
\captionindent=\dimen113
\thm@style=\toks19
\thm@bodyfont=\toks20
\thm@headfont=\toks21
\thm@notefont=\toks22
\thm@headpunct=\toks23
\thm@preskip=\skip48
\thm@postskip=\skip49
\thm@headsep=\skip50
\dth@everypar=\toks24
)
(/usr/share/texmf-texlive/tex/latex/ltxmisc/url.sty
\Urlmuskip=\muskip11
Package: url 2006/04/12  ver 3.3  Verb mode for urls, etc.
)
(/usr/share/texmf-texlive/tex/latex/tools/enumerate.sty
Package: enumerate 1999/03/05 v3.00 enumerate extensions (DPC)
\@enLab=\toks25
)
(/usr/share/texmf-texlive/tex/latex/booktabs/booktabs.sty
Package: booktabs 2005/04/14 v1.61803 publication quality tables
\heavyrulewidth=\dimen114
\lightrulewidth=\dimen115
\cmidrulewidth=\dimen116
\belowrulesep=\dimen117
\belowbottomsep=\dimen118
\aboverulesep=\dimen119
\abovetopsep=\dimen120
\cmidrulesep=\dimen121
\cmidrulekern=\dimen122
\defaultaddspace=\dimen123
\@cmidla=\count100
\@cmidlb=\count101
\@aboverulesep=\dimen124
\@belowrulesep=\dimen125
\@thisruleclass=\count102
\@lastruleclass=\count103
\@thisrulewidth=\dimen126
)
(/usr/share/texmf-texlive/tex/latex/tools/dcolumn.sty
Package: dcolumn 2001/05/28 v1.06 decimal alignment package (DPC)

(/usr/share/texmf-texlive/tex/latex/tools/array.sty
Package: array 2008/09/09 v2.4c Tabular extension package (FMi)
\col@sep=\dimen127
\extrarowheight=\dimen128
\NC@list=\toks26
\extratabsurround=\skip51
\backup@length=\skip52
))
(/usr/share/texmf-texlive/tex/latex/tools/verbatim.sty
Package: verbatim 2003/08/22 v1.5q LaTeX2e package for verbatim enhancements
\every@verbatim=\toks27
\verbatim@line=\toks28
\verbatim@in@stream=\read1
)
(/usr/share/texmf-texlive/tex/latex/ltxmisc/a4wide.sty
Package: a4wide 1994/08/30

(/usr/share/texmf-texlive/tex/latex/ntgclass/a4.sty
Package: a4 2004/04/15 v1.2g A4 based page layout
))
(/usr/share/texmf-texlive/tex/latex/amsfonts/amssymb.sty
Package: amssymb 2009/06/22 v3.00
)
(/usr/share/texmf-texlive/tex/latex/jknapltx/mathrsfs.sty
Package: mathrsfs 1996/01/01 Math RSFS package v1.0 (jk)
\symrsfs=\mathgroup6
)
(/usr/share/texmf-texlive/tex/latex/graphics/graphicx.sty
Package: graphicx 1999/02/16 v1.0f Enhanced LaTeX Graphics (DPC,SPQR)

(/usr/share/texmf-texlive/tex/latex/graphics/keyval.sty
Package: keyval 1999/03/16 v1.13 key=value parser (DPC)
\KV@toks@=\toks29
)
(/usr/share/texmf-texlive/tex/latex/graphics/graphics.sty
Package: graphics 2009/02/05 v1.0o Standard LaTeX Graphics (DPC,SPQR)

(/usr/share/texmf-texlive/tex/latex/graphics/trig.sty
Package: trig 1999/03/16 v1.09 sin cos tan (DPC)
)
(/etc/texmf/tex/latex/config/graphics.cfg
File: graphics.cfg 2009/08/28 v1.8 graphics configuration of TeX Live
)
Package graphics Info: Driver file: pdftex.def on input line 91.

(/usr/share/texmf-texlive/tex/latex/pdftex-def/pdftex.def
File: pdftex.def 2010/03/12 v0.04p Graphics/color for pdfTeX
\Gread@gobject=\count104
))
\Gin@req@height=\dimen129
\Gin@req@width=\dimen130
)
(/usr/share/texmf-texlive/tex/latex/psfrag/psfrag.sty
Package: psfrag 1998/04/11 v3.04 PSfrag (MCG)
\pfg@pcount=\count105
\pfg@scount=\count106
\pfg@temp=\write3
)
(/usr/share/texmf-texlive/tex/latex/multirow/multirow.sty
\bigstrutjot=\dimen131
)
(/usr/share/texmf-texlive/tex/latex/base/latexsym.sty
Package: latexsym 1998/08/17 v2.2e Standard LaTeX package (lasy symbols)
\symlasy=\mathgroup7
LaTeX Font Info:    Overwriting symbol font `lasy' in version `bold'
(Font)                  U/lasy/m/n --> U/lasy/b/n on input line 47.
)
(/usr/share/texmf-texlive/tex/latex/float/float.sty
Package: float 2001/11/08 v1.3d Float enhancements (AL)
\c@float@type=\count107
\float@exts=\toks30
\float@box=\box29
\@float@everytoks=\toks31
\@floatcapt=\box30
)
(/usr/share/texmf-texlive/tex/latex/subfig/subfig.sty
Package: subfig 2005/06/28 ver: 1.3 subfig package

(/usr/share/texmf-texlive/tex/latex/caption/caption.sty
Package: caption 2009/10/09 v3.1k Customizing captions (AR)

(/usr/share/texmf-texlive/tex/latex/caption/caption3.sty
Package: caption3 2009/10/09 v3.1k caption3 kernel (AR)
\captionmargin=\dimen132
\captionmargin@=\dimen133
\captionwidth=\dimen134
\caption@indent=\dimen135
\caption@parindent=\dimen136
\caption@hangindent=\dimen137
)
Package caption Info: AMS or SMF document class.
\c@ContinuedFloat=\count108
Package caption Info: float package is loaded.
)
\c@KVtest=\count109
\sf@farskip=\skip53
\sf@captopadj=\dimen138
\sf@capskip=\skip54
\sf@nearskip=\skip55
\c@subfigure=\count110
\c@subfigure@save=\count111
\c@lofdepth=\count112
\c@subtable=\count113
\c@subtable@save=\count114
\c@lotdepth=\count115
\sf@top=\skip56
\sf@bottom=\skip57
)
(/usr/share/texmf-texlive/tex/latex/rotating/rotating.sty
Package: rotating 2009/03/28 v2.16a rotated objects in LaTeX

(/usr/share/texmf-texlive/tex/latex/base/ifthen.sty
Package: ifthen 2001/05/26 v1.1c Standard LaTeX ifthen package (DPC)
)
\c@r@tfl@t=\count116
\rotFPtop=\skip58
\rotFPbot=\skip59
\rot@float@box=\box31
\rot@mess@toks=\toks32
)
(/usr/share/texmf-texlive/tex/latex/tools/longtable.sty
Package: longtable 2004/02/01 v4.11 Multi-page Table package (DPC)
\LTleft=\skip60
\LTright=\skip61
\LTpre=\skip62
\LTpost=\skip63
\LTchunksize=\count117
\LTcapwidth=\dimen139
\LT@head=\box32
\LT@firsthead=\box33
\LT@foot=\box34
\LT@lastfoot=\box35
\LT@cols=\count118
\LT@rows=\count119
\c@LT@tables=\count120
\c@LT@chunks=\count121
\LT@p@ftn=\toks33
)
(/usr/share/texmf/tex/latex/xcolor/xcolor.sty
Package: xcolor 2007/01/21 v2.11 LaTeX color extensions (UK)

(/etc/texmf/tex/latex/config/color.cfg
File: color.cfg 2007/01/18 v1.5 color configuration of teTeX/TeXLive
)
Package xcolor Info: Driver file: pdftex.def on input line 225.
Package xcolor Info: Model `cmy' substituted by `cmy0' on input line 1337.
Package xcolor Info: Model `hsb' substituted by `rgb' on input line 1341.
Package xcolor Info: Model `RGB' extended on input line 1353.
Package xcolor Info: Model `HTML' substituted by `rgb' on input line 1355.
Package xcolor Info: Model `Hsb' substituted by `hsb' on input line 1356.
Package xcolor Info: Model `tHsb' substituted by `hsb' on input line 1357.
Package xcolor Info: Model `HSB' substituted by `hsb' on input line 1358.
Package xcolor Info: Model `Gray' substituted by `gray' on input line 1359.
Package xcolor Info: Model `wave' substituted by `hsb' on input line 1360.
)
\c@theorem=\count122
\c@lemma=\count123
\c@conjecture=\count124
\c@proposition=\count125
\c@corollary=\count126
\c@observation=\count127
\c@problem=\count128
\c@application=\count129
\c@definition=\count130
\c@remark=\count131
\c@example=\count132

(/usr/share/texmf-texlive/tex/latex/hyperref/hyperref.sty
Package: hyperref 2009/10/09 v6.79a Hypertext links for LaTeX

(/usr/share/texmf-texlive/tex/generic/oberdiek/ifpdf.sty
Package: ifpdf 2009/04/10 v2.0 Provides the ifpdf switch (HO)
Package ifpdf Info: pdfTeX in pdf mode detected.
)
(/usr/share/texmf-texlive/tex/generic/oberdiek/ifvtex.sty
Package: ifvtex 2008/11/04 v1.4 Switches for detecting VTeX and its modes (HO)
Package ifvtex Info: VTeX not detected.
)
(/usr/share/texmf-texlive/tex/generic/ifxetex/ifxetex.sty
Package: ifxetex 2009/01/23 v0.5 Provides ifxetex conditional
)
(/usr/share/texmf-texlive/tex/latex/oberdiek/hycolor.sty
Package: hycolor 2009/10/02 v1.5 Code for color options of hyperref/bookmark (H
O)

(/usr/share/texmf-texlive/tex/latex/oberdiek/xcolor-patch.sty
Package: xcolor-patch 2009/10/02 xcolor patch
))
\@linkdim=\dimen140
\Hy@linkcounter=\count133
\Hy@pagecounter=\count134

(/usr/share/texmf-texlive/tex/latex/hyperref/pd1enc.def
File: pd1enc.def 2009/10/09 v6.79a Hyperref: PDFDocEncoding definition (HO)
)
(/usr/share/texmf-texlive/tex/generic/oberdiek/etexcmds.sty
Package: etexcmds 2007/12/12 v1.2 Prefix for e-TeX command names (HO)

(/usr/share/texmf-texlive/tex/generic/oberdiek/infwarerr.sty
Package: infwarerr 2007/09/09 v1.2 Providing info/warning/message (HO)
)
Package etexcmds Info: Could not find \expanded.
(etexcmds)             That can mean that you are not using pdfTeX 1.50 or
(etexcmds)             that some package has redefined \expanded.
(etexcmds)             In the latter case, load this package earlier.
)
(/usr/share/texmf-texlive/tex/latex/latexconfig/hyperref.cfg
File: hyperref.cfg 2002/06/06 v1.2 hyperref configuration of TeXLive
)
(/usr/share/texmf-texlive/tex/latex/oberdiek/kvoptions.sty
Package: kvoptions 2009/08/13 v3.4 Keyval support for LaTeX options (HO)

(/usr/share/texmf-texlive/tex/generic/oberdiek/kvsetkeys.sty
Package: kvsetkeys 2009/07/30 v1.5 Key value parser with default handler suppor
t (HO)
))
Package hyperref Info: Option `breaklinks' set `true' on input line 2864.
Package hyperref Info: Option `colorlinks' set `true' on input line 2864.
Package hyperref Info: Hyper figures OFF on input line 2975.
Package hyperref Info: Link nesting OFF on input line 2980.
Package hyperref Info: Hyper index ON on input line 2983.
Package hyperref Info: Plain pages OFF on input line 2990.
Package hyperref Info: Backreferencing OFF on input line 2995.

Implicit mode ON; LaTeX internals redefined
Package hyperref Info: Bookmarks ON on input line 3191.
LaTeX Info: Redefining \url on input line 3428.
(/usr/share/texmf-texlive/tex/generic/oberdiek/bitset.sty
Package: bitset 2007/09/28 v1.0 Data type bit set (HO)

(/usr/share/texmf-texlive/tex/generic/oberdiek/intcalc.sty
Package: intcalc 2007/09/27 v1.1 Expandable integer calculations (HO)
)
(/usr/share/texmf-texlive/tex/generic/oberdiek/bigintcalc.sty
Package: bigintcalc 2007/11/11 v1.1 Expandable big integer calculations (HO)

(/usr/share/texmf-texlive/tex/generic/oberdiek/pdftexcmds.sty
Package: pdftexcmds 2009/09/23 v0.6 LuaTeX support for pdfTeX utility functions
 (HO)

(/usr/share/texmf-texlive/tex/generic/oberdiek/ifluatex.sty
Package: ifluatex 2009/04/17 v1.2 Provides the ifluatex switch (HO)
Package ifluatex Info: LuaTeX not detected.
)
(/usr/share/texmf-texlive/tex/generic/oberdiek/ltxcmds.sty
Package: ltxcmds 2009/08/05 v1.0 Some LaTeX kernel commands for general use (HO
)
)
Package pdftexcmds Info: LuaTeX not detected.
Package pdftexcmds Info: \pdf@primitive is available.
Package pdftexcmds Info: \pdf@ifprimitive is available.
)))
\Fld@menulength=\count135
\Field@Width=\dimen141
\Fld@charsize=\dimen142
\Field@toks=\toks34
Package hyperref Info: Hyper figures OFF on input line 4377.
Package hyperref Info: Link nesting OFF on input line 4382.
Package hyperref Info: Hyper index ON on input line 4385.
Package hyperref Info: backreferencing OFF on input line 4392.
Package hyperref Info: Link coloring ON on input line 4395.
Package hyperref Info: Link coloring with OCG OFF on input line 4402.
Package hyperref Info: PDF/A mode OFF on input line 4407.

(/usr/share/texmf-texlive/tex/generic/oberdiek/atbegshi.sty
Package: atbegshi 2008/07/31 v1.9 At begin shipout hook (HO)
)
\Hy@abspage=\count136
\c@Item=\count137
\c@Hfootnote=\count138
)
*hyperref using default driver hpdftex*
(/usr/share/texmf-texlive/tex/latex/hyperref/hpdftex.def
File: hpdftex.def 2009/10/09 v6.79a Hyperref driver for pdfTeX
\Fld@listcount=\count139
) (./algorithm.sty
Package: algorithm 

Document Style `algorithm' - floating environment
\@float@every@algorithm=\toks35
\c@algorithm=\count140
) (./algorithmic.sty
Package: algorithmic 2006/06/02

Document Style `algorithmic' - environment
(/usr/share/texmf-texlive/tex/latex/tools/calc.sty
Package: calc 2007/08/22 v4.3 Infix arithmetic (KKT,FJ)
\calc@Acount=\count141
\calc@Bcount=\count142
\calc@Adimen=\dimen143
\calc@Bdimen=\dimen144
\calc@Askip=\skip64
\calc@Bskip=\skip65
LaTeX Info: Redefining \setlength on input line 76.
LaTeX Info: Redefining \addtolength on input line 77.
\calc@Ccount=\count143
\calc@Cskip=\skip66
)
\c@ALC@line=\count144
\c@ALC@rem=\count145
\c@ALC@depth=\count146
\ALC@tlm=\skip67
\algorithmicindent=\skip68
)
\@indexfile=\write4
\openout4 = `bookNotes.idx'.


Writing index file bookNotes.idx
(./bookNotes.aux (./chapters/alexBarvinok.aux) (./chapters/georgeNemhauser.aux)
(./chapters/alexanderSchrijver.aux) (./chapters/murrayBremner.aux))
\openout1 = `bookNotes.aux'.

LaTeX Font Info:    Checking defaults for OML/cmm/m/it on input line 240.
LaTeX Font Info:    ... okay on input line 240.
LaTeX Font Info:    Checking defaults for T1/cmr/m/n on input line 240.
LaTeX Font Info:    ... okay on input line 240.
LaTeX Font Info:    Checking defaults for OT1/cmr/m/n on input line 240.
LaTeX Font Info:    ... okay on input line 240.
LaTeX Font Info:    Checking defaults for OMS/cmsy/m/n on input line 240.
LaTeX Font Info:    ... okay on input line 240.
LaTeX Font Info:    Checking defaults for OMX/cmex/m/n on input line 240.
LaTeX Font Info:    ... okay on input line 240.
LaTeX Font Info:    Checking defaults for U/cmr/m/n on input line 240.
LaTeX Font Info:    ... okay on input line 240.
LaTeX Font Info:    Checking defaults for PD1/pdf/m/n on input line 240.
LaTeX Font Info:    ... okay on input line 240.
LaTeX Font Info:    Try loading font information for U+msa on input line 240.

(/usr/share/texmf-texlive/tex/latex/amsfonts/umsa.fd
File: umsa.fd 2009/06/22 v3.00 AMS symbols A
)
LaTeX Font Info:    Try loading font information for U+msb on input line 240.

(/usr/share/texmf-texlive/tex/latex/amsfonts/umsb.fd
File: umsb.fd 2009/06/22 v3.00 AMS symbols B
)
LaTeX Font Info:    Try loading font information for U+rsfs on input line 240.

(/usr/share/texmf-texlive/tex/latex/jknapltx/ursfs.fd
File: ursfs.fd 1998/03/24 rsfs font definition file (jk)
)
LaTeX Font Info:    Try loading font information for U+lasy on input line 240.

(/usr/share/texmf-texlive/tex/latex/base/ulasy.fd
File: ulasy.fd 1998/08/17 v2.2e LaTeX symbol font definitions
)
(/usr/share/texmf-texlive/tex/context/base/supp-pdf.mkii
[Loading MPS to PDF converter (version 2006.09.02).]
\scratchcounter=\count147
\scratchdimen=\dimen145
\scratchbox=\box36
\nofMPsegments=\count148
\nofMParguments=\count149
\everyMPshowfont=\toks36
\MPscratchCnt=\count150
\MPscratchDim=\dimen146
\MPnumerator=\count151
\everyMPtoPDFconversion=\toks37
)
Package caption Info: Begin \AtBeginDocument code.
Package caption3 Info: subfig package 1.2 or 1.3 is loaded.
LaTeX Info: Redefining \subref on input line 240.
Package caption Info: hyperref package is loaded.
Package caption Info: longtable package is loaded.
 (/usr/share/texmf-texlive/tex/latex/caption/ltcaption.sty
Package: ltcaption 2008/03/28 v1.2 longtable captions (AR)
)
Package caption Info: rotating package is loaded.
Package caption Info: End \AtBeginDocument code.
Package hyperref Info: Link coloring ON on input line 240.

(/usr/share/texmf-texlive/tex/latex/hyperref/nameref.sty
Package: nameref 2007/05/29 v2.31 Cross-referencing by name of section

(/usr/share/texmf-texlive/tex/latex/oberdiek/refcount.sty
Package: refcount 2008/08/11 v3.1 Data extraction from references (HO)
)
\c@section@level=\count152
)
LaTeX Info: Redefining \ref on input line 240.
LaTeX Info: Redefining \pageref on input line 240.
 (./bookNotes.out)
(./bookNotes.out)
\@outlinefile=\write5
\openout5 = `bookNotes.out'.

\AtBeginShipoutBox=\box37
 [1
Non-PDF special ignored!




{/var/lib/texmf/fonts/map/pdftex/updmap/pdftex.map}]
[4]
Contents
(./bookNotes.toc)
\tf@toc=\write6
\openout6 = `bookNotes.toc'.

 [5


] [6


]
\openout2 = `chapters/alexBarvinok.aux'.

 (./chapters/alexBarvinok.tex
Chapter 1

Underfull \vbox (badness 1939) has occurred while \output is active []

 [1



]
[2] [3] [4] [5]) [6]
\openout2 = `chapters/georgeNemhauser.aux'.

 (./chapters/georgeNemhauser.tex
Chapter 2
Package hyperref Info: bookmark level for unknown algorithm defaults to 0 on in
put line 10.
[7




] [8]pdfTeX warning (ext4): destination with the same identifier (name{ALC@rem.
1}) has been already used, duplicate ignored
<to be read again> 
                   \relax 
l.195 \STATE
             $i = 1$pdfTeX warning (ext4): destination with the same identifier
 (name{ALC@line.1}) has been already used, duplicate ignored
<to be read again> 
                   \relax 
l.195 \STATE
             $i = 1$pdfTeX warning (ext4): destination with the same identifier
 (name{ALC@rem.2}) has been already used, duplicate ignored
<to be read again> 
                   \relax 
l.196 \STATE
             1) work on row i. Set $j = i+1$pdfTeX warning (ext4): destination 
with the same identifier (name{ALC@line.2}) has been already used, duplicate ig
nored
<to be read again> 
                   \relax 
l.196 \STATE
             1) work on row i. Set $j = i+1$pdfTeX warning (ext4): destination 
with the same identifier (name{ALC@rem.3}) has been already used, duplicate ign
ored
<to be read again> 
                   \relax 
l.197 \STATE
             2) work on row i and columsn i and $j > i$. If $a_{ij} = 0$ do ...
pdfTeX warning (ext4): destination with the same identifier (name{ALC@line.3}) 
has been already used, duplicate ignored
<to be read again> 
                   \relax 
l.197 \STATE
             2) work on row i and columsn i and $j > i$. If $a_{ij} = 0$ do ...
pdfTeX warning (ext4): destination with the same identifier (name{ALC@rem.4}) h
as been already used, duplicate ignored
<to be read again> 
                   \relax 
l.198 \STATE
             3) work on row i and column i. If $a_{ii} < 0$ multiply column ...
pdfTeX warning (ext4): destination with the same identifier (name{ALC@line.4}) 
has been already used, duplicate ignored
<to be read again> 
                   \relax 
l.198 \STATE
             3) work on row i and column i. If $a_{ii} < 0$ multiply column ...
pdfTeX warning (ext4): destination with the same identifier (name{ALC@rem.5}) h
as been already used, duplicate ignored
<to be read again> 
                   \relax 
l.199 \STATE
             4) work on row i and column $j < i$. Set $A = AC$ where C repla...
pdfTeX warning (ext4): destination with the same identifier (name{ALC@line.5}) 
has been already used, duplicate ignored
<to be read again> 
                   \relax 
l.199 \STATE
             4) work on row i and column $j < i$. Set $A = AC$ where C repla...
[9] [10] [11] [12] [13]pdfTeX warning (ext4): destination with the same identif
ier (name{ALC@rem.1}) has been already used, duplicate ignored
<to be read again> 
                   \relax 
l.527 \STATE
             1) $(b^*_1, \dots, b^*_n)$ be the GS of B with $\alpha_{ij}= b^...
pdfTeX warning (ext4): destination with the same identifier (name{ALC@line.1}) 
has been already used, duplicate ignored
<to be read again> 
                   \relax 
l.527 \STATE
             1) $(b^*_1, \dots, b^*_n)$ be the GS of B with $\alpha_{ij}= b^...
pdfTeX warning (ext4): destination with the same identifier (name{ALC@rem.2}) h
as been already used, duplicate ignored
<to be read again> 
                   \relax 
l.528 \STATE
             2) for j = 2..n, for i=j-1..1, replace $b_j$ with $b_j - \hat \...
pdfTeX warning (ext4): destination with the same identifier (name{ALC@line.2}) 
has been already used, duplicate ignored
<to be read again> 
                   \relax 
l.528 \STATE
             2) for j = 2..n, for i=j-1..1, replace $b_j$ with $b_j - \hat \...
pdfTeX warning (ext4): destination with the same identifier (name{ALC@rem.3}) h
as been already used, duplicate ignored
<to be read again> 
                   \relax 
l.529 \STATE
             3) If $\norm{b^*_{j+1} + \alpha_{j,j+1}b^*_j}^2 < 3/4 \norm{b^*...
pdfTeX warning (ext4): destination with the same identifier (name{ALC@line.3}) 
has been already used, duplicate ignored
<to be read again> 
                   \relax 
l.529 \STATE
             3) If $\norm{b^*_{j+1} + \alpha_{j,j+1}b^*_j}^2 < 3/4 \norm{b^*...

Overfull \hbox (10.9718pt too wide) in paragraph at lines 549--550
[]\OT1/cmr/m/n/12 Recall from part (3) of a the-o-rem above not-too-long-ago th
at $[] \OMS/cmsy/m/n/12 ^^T \OT1/cmr/m/n/12 2[]\OML/cmm/m/it/12 min\OMS/cmsy/m/
n/12 f[] \OML/cmm/m/it/12 ; b \OMS/cmsy/m/n/12 2
 []

[14]) [15]
\openout2 = `chapters/alexanderSchrijver.aux'.

 (./chapters/alexanderSchrijver.tex [16




]
Chapter 3
[17]pdfTeX warning (ext4): destination with the same identifier (name{ALC@rem.1
}) has been already used, duplicate ignored
<to be read again> 
                   \relax 
l.113 \STATE
             1) let $A = \left(\begin{matrix} a & b \\ 1 & 0 \\ 0 & 1 \end{m...
pdfTeX warning (ext4): destination with the same identifier (name{ALC@line.1}) 
has been already used, duplicate ignored
<to be read again> 
                   \relax 
l.113 \STATE
             1) let $A = \left(\begin{matrix} a & b \\ 1 & 0 \\ 0 & 1 \end{m...
pdfTeX warning (ext4): destination with the same identifier (name{ALC@rem.2}) h
as been already used, duplicate ignored
<to be read again> 
                   \relax 
l.114 \STATE
             2) Let $A_k = \left(\begin{matrix} a_k & b_k \\ y_k & g_k \\ e_...
pdfTeX warning (ext4): destination with the same identifier (name{ALC@line.2}) 
has been already used, duplicate ignored
<to be read again> 
                   \relax 
l.114 \STATE
             2) Let $A_k = \left(\begin{matrix} a_k & b_k \\ y_k & g_k \\ e_...
pdfTeX warning (ext4): destination with the same identifier (name{ALC@rem.3}) h
as been already used, duplicate ignored
<to be read again> 
                   \relax 
l.115 \STATE
             \;\;\;\; If k is even and $b_k > 0$: subtract $\floor{a_k/b_k}$...
pdfTeX warning (ext4): destination with the same identifier (name{ALC@line.3}) 
has been already used, duplicate ignored
<to be read again> 
                   \relax 
l.115 \STATE
             \;\;\;\; If k is even and $b_k > 0$: subtract $\floor{a_k/b_k}$...
pdfTeX warning (ext4): destination with the same identifier (name{ALC@rem.4}) h
as been already used, duplicate ignored
<to be read again> 
                   \relax 
l.116 \STATE
             \;\;\;\; If k is odd and $a_k >0$: subtract $\floor{b_k/a_k}$ t...
pdfTeX warning (ext4): destination with the same identifier (name{ALC@line.4}) 
has been already used, duplicate ignored
<to be read again> 
                   \relax 
l.116 \STATE
             \;\;\;\; If k is odd and $a_k >0$: subtract $\floor{b_k/a_k}$ t...
[18] [19]
Overfull \hbox (17.4695pt too wide) in paragraph at lines 201--202
 \OT1/cmr/bx/n/12 3.3.1.Application: Find-ing short-est nonzero vec-tor in a la
t-tice.[] \OT1/cmr/m/n/12 From Minkowski,
 []

[20]) [21]
\openout2 = `chapters/murrayBremner.aux'.

 (./chapters/murrayBremner.tex [22




]
Chapter 4
[23]
Overfull \hbox (71.8511pt too wide) in paragraph at lines 47--48
[][][]\OT1/cmr/bx/n/12 Definition 51. [][]\OT1/cmr/m/n/12 distinct-degree de-co
m-po-si-tion of f (which is sqare-free) is the seq. ddd(f)=$[\OML/cmm/m/it/12 h
[]; h[]; []  ; h[]\OT1/cmr/m/n/12 ]$. 
 []

pdfTeX warning (ext4): destination with the same identifier (name{ALC@rem.1}) h
as been already used, duplicate ignored
<to be read again> 
                   \relax 
l.86 \STATE
            $e := f-g_1h_1 \mod m^2$pdfTeX warning (ext4): destination with the
 same identifier (name{ALC@line.1}) has been already used, duplicate ignored
<to be read again> 
                   \relax 
l.86 \STATE
            $e := f-g_1h_1 \mod m^2$pdfTeX warning (ext4): destination with the
 same identifier (name{ALC@rem.2}) has been already used, duplicate ignored
<to be read again> 
                   \relax 
l.87 \STATE
            Find $q,r \in \Z[x]$ s.t $s_1e=qh_1 +r \mod m^2$pdfTeX warning (ext
4): destination with the same identifier (name{ALC@line.2}) has been already us
ed, duplicate ignored
<to be read again> 
                   \relax 
l.87 \STATE
            Find $q,r \in \Z[x]$ s.t $s_1e=qh_1 +r \mod m^2$pdfTeX warning (ext
4): destination with the same identifier (name{ALC@rem.3}) has been already use
d, duplicate ignored
<to be read again> 
                   \relax 
l.88 \STATE
            $g_2:=g_1 +t_1e+qg_1 \mod m^2$pdfTeX warning (ext4): destination wi
th the same identifier (name{ALC@line.3}) has been already used, duplicate igno
red
<to be read again> 
                   \relax 
l.88 \STATE
            $g_2:=g_1 +t_1e+qg_1 \mod m^2$pdfTeX warning (ext4): destination wi
th the same identifier (name{ALC@rem.4}) has been already used, duplicate ignor
ed
<to be read again> 
                   \relax 
l.89 \STATE
            $h_2 := h_1 + r \mod m^2$pdfTeX warning (ext4): destination with th
e same identifier (name{ALC@line.4}) has been already used, duplicate ignored
<to be read again> 
                   \relax 
l.89 \STATE
            $h_2 := h_1 + r \mod m^2$pdfTeX warning (ext4): destination with th
e same identifier (name{ALC@rem.5}) has been already used, duplicate ignored
<to be read again> 
                   \relax 
l.90 \STATE
            $e^* := s_1g_2 + t_1h_2 -1 \mod m^2$pdfTeX warning (ext4): destinat
ion with the same identifier (name{ALC@line.5}) has been already used, duplicat
e ignored
<to be read again> 
                   \relax 
l.90 \STATE
            $e^* := s_1g_2 + t_1h_2 -1 \mod m^2$pdfTeX warning (ext4): destinat
ion with the same identifier (name{ALC@rem.6}) has been already used, duplicate
 ignored
<to be read again> 
                   \relax 
l.91 \STATE
            Find $q*, r* \in \Z[x]$ s.t. $s_1e^* = q^*h_2+r^* \mod m^2$pdfTeX w
arning (ext4): destination with the same identifier (name{ALC@line.6}) has been
 already used, duplicate ignored
<to be read again> 
                   \relax 
l.91 \STATE
            Find $q*, r* \in \Z[x]$ s.t. $s_1e^* = q^*h_2+r^* \mod m^2$pdfTeX w
arning (ext4): destination with the same identifier (name{ALC@rem.7}) has been 
already used, duplicate ignored
<to be read again> 
                   \relax 
l.92 \STATE
            $s_2 := s_1 -r^* \mod m^2$pdfTeX warning (ext4): destination with t
he same identifier (name{ALC@line.7}) has been already used, duplicate ignored
<to be read again> 
                   \relax 
l.92 \STATE
            $s_2 := s_1 -r^* \mod m^2$pdfTeX warning (ext4): destination with t
he same identifier (name{ALC@rem.8}) has been already used, duplicate ignored
<to be read again> 
                   \relax 
l.93 \STATE
            $t_1 := t_1 -t_1e^* -q*g_2 \mod m^2$pdfTeX warning (ext4): destinat
ion with the same identifier (name{ALC@line.8}) has been already used, duplicat
e ignored
<to be read again> 
                   \relax 
l.93 \STATE
            $t_1 := t_1 -t_1e^* -q*g_2 \mod m^2$pdfTeX warning (ext4): destinat
ion with the same identifier (name{ALC@rem.9}) has been already used, duplicate
 ignored
<to be read again> 
                   \relax 
l.94 \RETURN
             $g_2, h_2, s_2, t_2$pdfTeX warning (ext4): destination with the sa
me identifier (name{ALC@line.9}) has been already used, duplicate ignored
<to be read again> 
                   \relax 
l.94 \RETURN
             $g_2, h_2, s_2, t_2$pdfTeX warning (ext4): destination with the sa
me identifier (name{ALC@rem.1}) has been already used, duplicate ignored
<to be read again> 
                   \relax 
l.110 \STATE
             $n=deg(f)$pdfTeX warning (ext4): destination with the same identif
ier (name{ALC@line.1}) has been already used, duplicate ignored
<to be read again> 
                   \relax 
l.110 \STATE
             $n=deg(f)$pdfTeX warning (ext4): destination with the same identif
ier (name{ALC@rem.2}) has been already used, duplicate ignored
<to be read again> 
                   \relax 
l.111 \STATE
             $C:=(n+1)^{2n} \norm{f}_\infty^{2n-1}$pdfTeX warning (ext4): desti
nation with the same identifier (name{ALC@line.2}) has been already used, dupli
cate ignored
<to be read again> 
                   \relax 
l.111 \STATE
             $C:=(n+1)^{2n} \norm{f}_\infty^{2n-1}$pdfTeX warning (ext4): desti
nation with the same identifier (name{ALC@rem.3}) has been already used, duplic
ate ignored
<to be read again> 
                   \relax 
l.112 \STATE
             $B:=(n+1)^{1/2}2^n\norm{f}_\infty*L(f)$  where  $L(f)$  is lead...
pdfTeX warning (ext4): destination with the same identifier (name{ALC@line.3}) 
has been already used, duplicate ignored
<to be read again> 
                   \relax 
l.112 \STATE
             $B:=(n+1)^{1/2}2^n\norm{f}_\infty*L(f)$  where  $L(f)$  is lead...
pdfTeX warning (ext4): destination with the same identifier (name{ALC@rem.4}) h
as been already used, duplicate ignored
<to be read again> 
                   \relax 
l.113 \STATE
             $r:= \ceil{2 \log C}$pdfTeX warning (ext4): destination with the s
ame identifier (name{ALC@line.4}) has been already used, duplicate ignored
<to be read again> 
                   \relax 
l.113 \STATE
             $r:= \ceil{2 \log C}$pdfTeX warning (ext4): destination with the s
ame identifier (name{ALC@rem.5}) has been already used, duplicate ignored
<to be read again> 
                   \relax 
l.114 \STATE
             Find prime s.t.  $p  < 2r \ln r$, $p$  does not  divide $L(f)$ ...
pdfTeX warning (ext4): destination with the same identifier (name{ALC@line.5}) 
has been already used, duplicate ignored
<to be read again> 
                   \relax 
l.114 \STATE
             Find prime s.t.  $p  < 2r \ln r$, $p$  does not  divide $L(f)$ ...
pdfTeX warning (ext4): destination with the same identifier (name{ALC@rem.6}) h
as been already used, duplicate ignored
<to be read again> 
                   \relax 
l.115 \STATE
             $k:=\ceil{\log_p (2B+1)}$pdfTeX warning (ext4): destination with t
he same identifier (name{ALC@line.6}) has been already used, duplicate ignored
<to be read again> 
                   \relax 
l.115 \STATE
             $k:=\ceil{\log_p (2B+1)}$pdfTeX warning (ext4): destination with t
he same identifier (name{ALC@rem.7}) has been already used, duplicate ignored
<to be read again> 
                   \relax 
l.116 \STATE
             Factor  $\bar  f  = \bar L(f) \bar  h_1 \cdots \bar h_r $  in $...
pdfTeX warning (ext4): destination with the same identifier (name{ALC@line.7}) 
has been already used, duplicate ignored
<to be read again> 
                   \relax 
l.116 \STATE
             Factor  $\bar  f  = \bar L(f) \bar  h_1 \cdots \bar h_r $  in $...
pdfTeX warning (ext4): destination with the same identifier (name{ALC@rem.8}) h
as been already used, duplicate ignored
<to be read again> 
                   \relax 
l.117 \STATE
             Use  Hensal  to find monic polynomials $f=L(f)g_1 \cdots g_r  \...
pdfTeX warning (ext4): destination with the same identifier (name{ALC@line.8}) 
has been already used, duplicate ignored
<to be read again> 
                   \relax 
l.117 \STATE
             Use  Hensal  to find monic polynomials $f=L(f)g_1 \cdots g_r  \...
pdfTeX warning (ext4): destination with the same identifier (name{ALC@rem.9}) h
as been already used, duplicate ignored
<to be read again> 
                   \relax 
l.119 \STATE
             $T:=\{1,2,\cdots,r\};  s:=1; F:=f$pdfTeX warning (ext4): destinati
on with the same identifier (name{ALC@line.9}) has been already used, duplicate
 ignored
<to be read again> 
                   \relax 
l.119 \STATE
             $T:=\{1,2,\cdots,r\};  s:=1; F:=f$pdfTeX warning (ext4): destinati
on with the same identifier (name{ALC@rem.10}) has been already used, duplicate
 ignored
<to be read again> 
                   \relax 
l.120 \WHILE{$2s   \leq size(T)$}
                                 pdfTeX warning (ext4): destination with the sa
me identifier (name{ALC@line.10}) has been already used, duplicate ignored
<to be read again> 
                   \relax 
l.120 \WHILE{$2s   \leq size(T)$}
                                 pdfTeX warning (ext4): destination with the sa
me identifier (name{ALC@rem.11}) has been already used, duplicate ignored
<to be read again> 
                   \relax 
l.121 ...$s$-slement subtset  of $T$  called  $S$}
                                                  pdfTeX warning (ext4): destin
ation with the same identifier (name{ALC@line.11}) has been already used, dupli
cate ignored
<to be read again> 
                   \relax 
l.121 ...$s$-slement subtset  of $T$  called  $S$}
                                                  pdfTeX warning (ext4): destin
ation with the same identifier (name{ALC@rem.12}) has been already used, duplic
ate ignored
<to be read again> 
                   \relax 
l.122 		\STATE
               Find $G,H \in \Z[x]$  s.t.  $\norm{G}_\infty,  \norm{H}_\inft...
pdfTeX warning (ext4): destination with the same identifier (name{ALC@line.12})
 has been already used, duplicate ignored
<to be read again> 
                   \relax 
l.122 		\STATE
               Find $G,H \in \Z[x]$  s.t.  $\norm{G}_\infty,  \norm{H}_\inft...
pdfTeX warning (ext4): destination with the same identifier (name{ALC@rem.13}) 
has been already used, duplicate ignored
<to be read again> 
                   \relax 
l.123 		\STATE
               s.t. $G = L(F) \prod\limits_{i\in S} g_i  \mod  p^k$pdfTeX warni
ng (ext4): destination with the same identifier (name{ALC@line.13}) has been al
ready used, duplicate ignored
<to be read again> 
                   \relax 
l.123 		\STATE
               s.t. $G = L(F) \prod\limits_{i\in S} g_i  \mod  p^k$pdfTeX warni
ng (ext4): destination with the same identifier (name{ALC@rem.14}) has been alr
eady used, duplicate ignored
<to be read again> 
                   \relax 
l.124 		\STATE
               and  $H = L(F) \prod\limits_{i\in  T - S} g_i \mod p^k$pdfTeX wa
rning (ext4): destination with the same identifier (name{ALC@line.14}) has been
 already used, duplicate ignored
<to be read again> 
                   \relax 
l.124 		\STATE
               and  $H = L(F) \prod\limits_{i\in  T - S} g_i \mod p^k$ [24]

LaTeX Warning: Command \L invalid in math mode on input line 150.

[25]) [26] [27] (./bookNotes.bbl [28



]
Bibliography
) [29] (./bookNotes.aux (./chapters/alexBarvinok.aux)
(./chapters/georgeNemhauser.aux) (./chapters/alexanderSchrijver.aux)
(./chapters/murrayBremner.aux)) ) 
Here is how much of TeX's memory you used:
 8149 strings out of 493848
 113626 string characters out of 1152823
 215496 words of memory out of 3000000
 10858 multiletter control sequences out of 15000+50000
 14992 words of font info for 63 fonts, out of 3000000 for 9000
 875 hyphenation exceptions out of 8191
 44i,11n,42p,708b,694s stack positions out of 5000i,500n,10000p,200000b,50000s
</usr/share/texmf-texlive/fonts/type1/public/a
msfonts/cm/cmbx12.pfb></usr/share/texmf-texlive/fonts/type1/public/amsfonts/cm/
cmcsc10.pfb></usr/share/texmf-texlive/fonts/type1/public/amsfonts/cm/cmex10.pfb
></usr/share/texmf-texlive/fonts/type1/public/amsfonts/cmextra/cmex8.pfb></usr/
share/texmf-texlive/fonts/type1/public/amsfonts/cm/cmmi12.pfb></usr/share/texmf
-texlive/fonts/type1/public/amsfonts/cm/cmmi6.pfb></usr/share/texmf-texlive/fon
ts/type1/public/amsfonts/cm/cmmi8.pfb></usr/share/texmf-texlive/fonts/type1/pub
lic/amsfonts/cm/cmr10.pfb></usr/share/texmf-texlive/fonts/type1/public/amsfonts
/cm/cmr12.pfb></usr/share/texmf-texlive/fonts/type1/public/amsfonts/cm/cmr17.pf
b></usr/share/texmf-texlive/fonts/type1/public/amsfonts/cm/cmr6.pfb></usr/share
/texmf-texlive/fonts/type1/public/amsfonts/cm/cmr8.pfb></usr/share/texmf-texliv
e/fonts/type1/public/amsfonts/cm/cmr9.pfb></usr/share/texmf-texlive/fonts/type1
/public/amsfonts/cm/cmsy10.pfb></usr/share/texmf-texlive/fonts/type1/public/ams
fonts/cm/cmsy8.pfb></usr/share/texmf-texlive/fonts/type1/public/amsfonts/cm/cmt
i10.pfb></usr/share/texmf-texlive/fonts/type1/public/amsfonts/cm/cmti12.pfb></u
sr/share/texmf-texlive/fonts/type1/public/amsfonts/cm/cmtt12.pfb></usr/share/te
xmf-texlive/fonts/type1/public/amsfonts/symbols/msam10.pfb></usr/share/texmf-te
xlive/fonts/type1/public/amsfonts/symbols/msbm10.pfb>
Output written on bookNotes.pdf (33 pages, 383879 bytes).
PDF statistics:
 525 PDF objects out of 1000 (max. 8388607)
 211 named destinations out of 1000 (max. 500000)
 145 words of extra memory for PDF output out of 10000 (max. 10000000)

